<?xml version="1.0" encoding="UTF-8"?>
<!-- Generated by org.testng.reporters.JUnitReportReporter -->
<testsuite hostname="DESKTOP-A2S9SMV" failures="0" tests="17" name="com.spotify.oauth2.testcases.PlaylistTestCases" time="11.257" errors="0" timestamp="2023-11-25T19:05:01 IST" skipped="0">
  <testcase classname="com.spotify.oauth2.testcases.PlaylistTestCases" name="ValidateToAddIteamToPlayList" time="0.586"/>
  <system-out/>
  <testcase classname="com.spotify.oauth2.testcases.PlaylistTestCases" name="ValidateUpdatingAPlaylistWithoutPlayListNameAndWithoutPlayListDescription" time="0.387"/>
  <system-out/>
  <testcase classname="com.spotify.oauth2.testcases.PlaylistTestCases" name="ValidateUpdatingAPlaylistWithInvalidToken" time="0.197"/>
  <system-out/>
  <testcase classname="com.spotify.oauth2.testcases.PlaylistTestCases" name="ValidateToAddIteamToPlayListWithoutUris" time="0.616"/>
  <system-out/>
  <testcase classname="com.spotify.oauth2.testcases.PlaylistTestCases" name="ValidateCreatingAPlaylist" time="4.740"/>
  <system-out/>
  <testcase classname="com.spotify.oauth2.testcases.PlaylistTestCases" name="ValidateCreatingAPlaylistWithInvalidToken" time="0.374"/>
  <system-out/>
  <testcase classname="com.spotify.oauth2.testcases.PlaylistTestCases" name="ValidateToAddIteamToPlayListwithInvalidPlayListID" time="0.557"/>
  <system-out/>
  <testcase classname="com.spotify.oauth2.testcases.PlaylistTestCases" name="ValidateToAddIteamToPlayListWithInvalidToken" time="0.692"/>
  <system-out/>
  <testcase classname="com.spotify.oauth2.testcases.PlaylistTestCases" name="ValidateUpdatingAPlaylistWithoutPlayListName" time="0.287"/>
  <system-out/>
  <testcase classname="com.spotify.oauth2.testcases.PlaylistTestCases" name="ValidateFetchingAPlaylist" time="0.335"/>
  <system-out/>
  <testcase classname="com.spotify.oauth2.testcases.PlaylistTestCases" name="ValidateCreatingAPlaylistWithoutPlayListDescription" time="0.572"/>
  <system-out/>
  <testcase classname="com.spotify.oauth2.testcases.PlaylistTestCases" name="ValidateFetchingAPlaylistWithInvalidID" time="0.308"/>
  <system-out/>
  <testcase classname="com.spotify.oauth2.testcases.PlaylistTestCases" name="ValidateUpdatingAPlaylist" time="0.404"/>
  <system-out/>
  <testcase classname="com.spotify.oauth2.testcases.PlaylistTestCases" name="ValidateCreatingAPlaylistWithoutPlayListName" time="0.308"/>
  <system-out/>
  <testcase classname="com.spotify.oauth2.testcases.PlaylistTestCases" name="ValidateUpdatingAPlaylistWithoutPlayListDescription" time="0.215"/>
  <system-out/>
  <testcase classname="com.spotify.oauth2.testcases.PlaylistTestCases" name="ValidateToRemoveIteamToPlayList" time="0.286"/>
  <system-out/>
  <testcase classname="com.spotify.oauth2.testcases.PlaylistTestCases" name="ValidateFetchingAPlaylistWithInvalidToken" time="0.393"/>
  <system-out/>
</testsuite> <!-- com.spotify.oauth2.testcases.PlaylistTestCases -->
