<?xml version="1.0" encoding="UTF-8"?>
<!-- Generated by org.testng.reporters.JUnitReportReporter -->
<testsuite hostname="DESKTOP-A2S9SMV" failures="0" tests="1" name="com.spotify.oauth2.testcases.PlaylistTestCases" time="4.990" errors="0" timestamp="2023-11-14T13:26:27 IST" skipped="0">
  <testcase classname="com.spotify.oauth2.testcases.PlaylistTestCases" name="ValidateCreatingAPlaylist" time="4.990"/>
  <system-out/>
</testsuite> <!-- com.spotify.oauth2.testcases.PlaylistTestCases -->
