<?xml version="1.0" encoding="UTF-8"?>
<!-- Generated by org.testng.reporters.JUnitReportReporter -->
<testsuite hostname="DESKTOP-A2S9SMV" failures="0" tests="2" name="com.spotify.oauth2.testcases.PlaylistTestCases" time="5.620" errors="0" timestamp="2023-11-14T15:08:21 IST" skipped="0">
  <testcase classname="com.spotify.oauth2.testcases.PlaylistTestCases" name="ValidateFetchingAPlaylist" time="0.367"/>
  <system-out/>
  <testcase classname="com.spotify.oauth2.testcases.PlaylistTestCases" name="ValidateCreatingAPlaylist" time="5.253"/>
  <system-out/>
</testsuite> <!-- com.spotify.oauth2.testcases.PlaylistTestCases -->
