<?xml version="1.0" encoding="UTF-8"?>
<!-- Generated by org.testng.reporters.JUnitReportReporter -->
<testsuite hostname="DESKTOP-A2S9SMV" failures="0" tests="2" name="SpotifyOAuthTestCases.PlaylistTestCases" time="3.248" errors="0" timestamp="2023-11-05T11:24:03 IST" skipped="1">
  <testcase classname="SpotifyOAuthTestCases.PlaylistTestCases" name="ValidateFetchingAPlaylist" time="3.248"/>
  <system-out/>
  <testcase classname="SpotifyOAuthTestCases.PlaylistTestCases" name="ValidateCreatingAPlaylist">
    <skipped/>
  </testcase> <!-- ValidateCreatingAPlaylist -->
  <system-out/>
</testsuite> <!-- SpotifyOAuthTestCases.PlaylistTestCases -->
