<?xml version="1.0" encoding="UTF-8"?>
<!-- Generated by org.testng.reporters.JUnitReportReporter -->
<testsuite hostname="DESKTOP-A2S9SMV" failures="0" tests="4" name="com.spotify.oauth2.testcases.PlaylistTestCases" time="6.645" errors="0" timestamp="2023-11-20T19:52:08 IST" skipped="0">
  <testcase classname="com.spotify.oauth2.testcases.PlaylistTestCases" name="ValidateCreatingAPlaylistWithoutPlayListDescription" time="0.658"/>
  <system-out/>
  <testcase classname="com.spotify.oauth2.testcases.PlaylistTestCases" name="ValidateCreatingAPlaylist" time="5.182"/>
  <system-out/>
  <testcase classname="com.spotify.oauth2.testcases.PlaylistTestCases" name="ValidateCreatingAPlaylistWithoutPlayListName" time="0.310"/>
  <system-out/>
  <testcase classname="com.spotify.oauth2.testcases.PlaylistTestCases" name="ValidateFetchingAPlaylist" time="0.495"/>
  <system-out/>
</testsuite> <!-- com.spotify.oauth2.testcases.PlaylistTestCases -->
